<?xml version="1.0" encoding="UTF-8"?>
<!-- Generated by org.testng.reporters.JUnitXMLReporter -->
<testsuite ignored="0" hostname="DESKTOP-8F25QQJ" failures="1" tests="1" name="Test" time="37.62" errors="0" timestamp="11 May 2021 07:20:53 GMT">
  <testcase classname="com.AutomationTask.demoProject1.TestCalss1" name="Test1" time="6.657">
    <failure type="java.lang.AssertionError" message="expected [Welcome to New TESSAa] but found [Welcome to New TESSA]">
      <![CDATA[java.lang.AssertionError: expected [Welcome to New TESSAa] but found [Welcome to New TESSA]
at com.AutomationTask.demoProject1.TestCalss1.Test1(TestCalss1.java:45)
... Removed 31 stack frames]]>
    </failure>
  </testcase> <!-- Test1 -->
</testsuite> <!-- Test -->
