<?xml version="1.0" encoding="UTF-8"?>
<!-- Generated by org.testng.reporters.JUnitXMLReporter -->
<testsuite ignored="0" hostname="DESKTOP-8F25QQJ" failures="1" tests="1" name="Test" time="158.224" errors="0" timestamp="09 May 2021 13:36:17 GMT">
  <testcase classname="com.AutomationTask.demoProject1.TestCalss1" name="@AfterMethod quit" time="81.577">
    <failure type="net.rcarz.jiraclient.JiraException" message="Failed to create issue">
      <![CDATA[net.rcarz.jiraclient.JiraException: Failed to create issue
at net.rcarz.jiraclient.Issue$FluentCreate.executeCreate(Issue.java:116)
at net.rcarz.jiraclient.Issue$FluentCreate.execute(Issue.java:59)
at com.AutomationTask.demoProject1.TestCalss1.quit(TestCalss1.java:63)
Caused by: net.rcarz.jiraclient.RestException: 400 : {"errorMessages":[],"errors":{"summary":"The summary is invalid because it contains newline characters."}}
at net.rcarz.jiraclient.RestClient.request(RestClient.java:160)
at net.rcarz.jiraclient.RestClient.request(RestClient.java:182)
at net.rcarz.jiraclient.RestClient.request(RestClient.java:200)
at net.rcarz.jiraclient.RestClient.post(RestClient.java:290)
at net.rcarz.jiraclient.RestClient.post(RestClient.java:334)
at net.rcarz.jiraclient.Issue$FluentCreate.executeCreate(Issue.java:114)
... 30 more
... Removed 28 stack frames]]>
    </failure>
  </testcase> <!-- @AfterMethod quit -->
  <testcase classname="com.AutomationTask.demoProject1.TestCalss1" name="Test1" time="40.337">
    <failure type="java.lang.AssertionError" message="The following asserts failed:
	expected [Welcome to New TESSAa] but found [Welcome to New TESSA]">
      <![CDATA[java.lang.AssertionError: The following asserts failed:
expected [Welcome to New TESSAa] but found [Welcome to New TESSA]
at com.AutomationTask.demoProject1.TestCalss1.Test1(TestCalss1.java:49)
... Removed 26 stack frames]]>
    </failure>
  </testcase> <!-- Test1 -->
</testsuite> <!-- Test -->
