<?xml version="1.0" encoding="UTF-8"?>
<!-- Generated by org.testng.reporters.JUnitXMLReporter -->
<testsuite ignored="0" hostname="DESKTOP-8F25QQJ" failures="0" tests="3" name="Test" time="131.821" errors="0" timestamp="08 May 2021 15:36:46 GMT">
  <testcase classname="com.AutomationTask.demoProject1.TestCalss1" name="Test1" time="12.46"/>
  <testcase classname="com.AutomationTask.demoProject1.TestCalss1" name="Test2" time="73.226"/>
  <testcase classname="com.AutomationTask.demoProject1.TestCalss1" name="Test3" time="3.884"/>
</testsuite> <!-- Test -->
