<?xml version="1.0" encoding="UTF-8"?>
<!-- Generated by org.testng.reporters.JUnitXMLReporter -->
<testsuite ignored="0" hostname="DESKTOP-8F25QQJ" failures="1" tests="2" name="Test" time="52.143" errors="0" timestamp="09 May 2021 07:40:45 GMT">
  <testcase classname="com.AutomationTask.demoProject1.TestCalss1" name="Test1" time="7.862">
    <failure type="java.lang.AssertionError" message="The following asserts failed:
	expected [Welcome to New TESSAa] but found [Welcome to New TESSA]">
      <![CDATA[java.lang.AssertionError: The following asserts failed:
expected [Welcome to New TESSAa] but found [Welcome to New TESSA]
at com.AutomationTask.demoProject1.TestCalss1.Test1(TestCalss1.java:43)
... Removed 30 stack frames]]>
    </failure>
  </testcase> <!-- Test1 -->
  <testcase classname="com.AutomationTask.demoProject1.TestCalss1" name="Test2" time="20.159"/>
</testsuite> <!-- Test -->
