<?xml version="1.0" encoding="UTF-8"?>
<testsuite xmlns:xsi="http://www.w3.org/2001/XMLSchema-instance" xsi:noNamespaceSchemaLocation="https://maven.apache.org/surefire/maven-surefire-plugin/xsd/surefire-test-report.xsd" name="TestSuite" time="156.359" tests="2" errors="0" skipped="0" failures="1">
  <properties>
[...]
</properties>
  <testcase name="Test1" classname="com.AutomationTask.demoProject1.TestCalss1" time="22.469">
    <failure message="The following asserts failed:&#10;	expected [Welcome to New TESSAA] but found [Welcome to New TESSA]" type="java.lang.AssertionError">java.lang.AssertionError: 
The following asserts failed:
	expected [Welcome to New TESSAA] but found [Welcome to New TESSA]
	at com.AutomationTask.demoProject1.TestCalss1.Test1(TestCalss1.java:43)
</failure>
    <system-out><![CDATA[[TestNGContentHandler] [WARN] It is strongly recommended to add "<!DOCTYPE suite SYSTEM "http://testng.org/testng-1.0.dtd" >" at the top of your file, otherwise TestNG may fail or not work as expected.
TC 1 is executed
]]></system-out>
    <system-err><![CDATA[Starting ChromeDriver 79.0.3945.36 (3582db32b33893869b8c1339e8f4d9ed1816f143-refs/branch-heads/3945@{#614}) on port 41240
Only local connections are allowed.
Please protect ports used by ChromeDriver and related test frameworks to prevent access by malicious code.
[1620501550.659][WARNING]: Timed out connecting to Chrome, retrying...
May 09, 2021 2:19:14 AM org.openqa.selenium.remote.ProtocolHandshake createSession
INFO: Detected dialect: W3C
[1620501557.913][WARNING]: Timed out connecting to Chrome, retrying...
]]></system-err>
  </testcase>
  <testcase name="Test2" classname="com.AutomationTask.demoProject1.TestCalss1" time="83.088"/>
</testsuite>